<?xml version="1.0" encoding="UTF-8"?>
<!-- Generated by org.testng.reporters.JUnitXMLReporter -->
<testsuite ignored="0" hostname="LP-5CD151GGFP" failures="0" tests="7" name="Test" time="0.045" errors="0" timestamp="2022-04-24T14:03:18 IST">
  <testcase classname="com.package2.DemoTesting" name="m1" time="0.006"/>
  <testcase classname="com.package2.DemoTesting" name="m2" time="0.001"/>
  <testcase classname="com.packageOne.DemonewTest" name="m3" time="0.001"/>
  <testcase classname="com.packageOne.DemonewTest" name="m4" time="0.0"/>
  <testcase classname="com.packageOne.TestNgDemo" name="m1" time="0.001"/>
  <testcase classname="com.package2.FirstTest" name="m3" time="0.0"/>
  <testcase classname="com.package2.FirstTest" name="m4" time="0.001"/>
</testsuite> <!-- Test -->
