<?xml version="1.0" encoding="UTF-8"?>
<!-- Generated by org.testng.reporters.JUnitXMLReporter -->
<testsuite ignored="0" hostname="LP-5CD151GGFP" failures="0" tests="9" name="Test" time="29.199" errors="0" timestamp="2022-04-29T13:20:54 IST">
  <testcase classname="com.package2.DemoTesting" name="m1" time="0.003"/>
  <testcase classname="com.package2.DemoTesting" name="m2" time="0.0"/>
  <testcase classname="com.packageOne.DemonewTest" name="m3" time="0.0"/>
  <testcase classname="com.packageOne.DemonewTest" name="m4" time="0.0"/>
  <testcase classname="com.packageOne.TestNgDemo" name="m1" time="0.0"/>
  <testcase classname="com.packageOne.AutoLaunchBrowsers" name="Browser" time="15.091"/>
  <testcase classname="com.packageOne.AutoLaunchBrowsers" name="SecondBrowser" time="14.069"/>
  <testcase classname="com.package2.FirstTest" name="m3" time="0.0"/>
  <testcase classname="com.package2.FirstTest" name="m4" time="0.001"/>
</testsuite> <!-- Test -->
