<?xml version="1.0" encoding="UTF-8"?>
<testng-results ignored="0" total="7" passed="7" failed="0" skipped="0">
  <reporter-output>
  </reporter-output>
  <suite started-at="2022-04-24T14:11:58 IST" name="Suite" finished-at="2022-04-24T14:11:58 IST" duration-ms="32">
    <groups>
    </groups>
    <test started-at="2022-04-24T14:11:58 IST" name="Test" finished-at="2022-04-24T14:11:58 IST" duration-ms="32">
      <class name="com.packageOne.TestNgDemo">
        <test-method signature="m1()[pri:0, instance:com.packageOne.TestNgDemo@59fd97a8]" started-at="2022-04-24T14:11:58 IST" name="m1" finished-at="2022-04-24T14:11:58 IST" duration-ms="0" status="PASS">
          <reporter-output>
          </reporter-output>
        </test-method> <!-- m1 -->
      </class> <!-- com.packageOne.TestNgDemo -->
      <class name="com.packageOne.DemonewTest">
        <test-method signature="m4()[pri:0, instance:com.packageOne.DemonewTest@795cd85e]" started-at="2022-04-24T14:11:58 IST" name="m4" finished-at="2022-04-24T14:11:58 IST" duration-ms="1" status="PASS">
          <reporter-output>
          </reporter-output>
        </test-method> <!-- m4 -->
        <test-method signature="m3()[pri:0, instance:com.packageOne.DemonewTest@795cd85e]" started-at="2022-04-24T14:11:58 IST" name="m3" finished-at="2022-04-24T14:11:58 IST" duration-ms="0" status="PASS">
          <reporter-output>
          </reporter-output>
        </test-method> <!-- m3 -->
      </class> <!-- com.packageOne.DemonewTest -->
      <class name="com.package2.DemoTesting">
        <test-method signature="m1()[pri:0, instance:com.package2.DemoTesting@72057ecf]" started-at="2022-04-24T14:11:58 IST" name="m1" finished-at="2022-04-24T14:11:58 IST" duration-ms="4" status="PASS">
          <reporter-output>
          </reporter-output>
        </test-method> <!-- m1 -->
        <test-method signature="m2()[pri:0, instance:com.package2.DemoTesting@72057ecf]" started-at="2022-04-24T14:11:58 IST" name="m2" finished-at="2022-04-24T14:11:58 IST" duration-ms="0" status="PASS">
          <reporter-output>
          </reporter-output>
        </test-method> <!-- m2 -->
      </class> <!-- com.package2.DemoTesting -->
      <class name="com.package2.FirstTest">
        <test-method signature="m4()[pri:0, instance:com.package2.FirstTest@f5ac9e4]" started-at="2022-04-24T14:11:58 IST" name="m4" finished-at="2022-04-24T14:11:58 IST" duration-ms="1" status="PASS">
          <reporter-output>
          </reporter-output>
        </test-method> <!-- m4 -->
        <test-method signature="m3()[pri:0, instance:com.package2.FirstTest@f5ac9e4]" started-at="2022-04-24T14:11:58 IST" name="m3" finished-at="2022-04-24T14:11:58 IST" duration-ms="0" status="PASS">
          <reporter-output>
          </reporter-output>
        </test-method> <!-- m3 -->
      </class> <!-- com.package2.FirstTest -->
    </test> <!-- Test -->
  </suite> <!-- Suite -->
</testng-results>
