<?xml version="1.0" encoding="UTF-8"?>
<testng-results ignored="0" total="9" passed="9" failed="0" skipped="0">
  <reporter-output>
  </reporter-output>
  <suite started-at="2022-04-29T13:20:25 IST" name="Suite" finished-at="2022-04-29T13:20:54 IST" duration-ms="29199">
    <groups>
    </groups>
    <test started-at="2022-04-29T13:20:25 IST" name="Test" finished-at="2022-04-29T13:20:54 IST" duration-ms="29199">
      <class name="com.packageOne.TestNgDemo">
        <test-method signature="m1()[pri:0, instance:com.packageOne.TestNgDemo@158da8e]" started-at="2022-04-29T13:20:25 IST" name="m1" finished-at="2022-04-29T13:20:25 IST" duration-ms="0" status="PASS">
          <reporter-output>
          </reporter-output>
        </test-method> <!-- m1 -->
      </class> <!-- com.packageOne.TestNgDemo -->
      <class name="com.packageOne.AutoLaunchBrowsers">
        <test-method signature="Browser()[pri:0, instance:com.packageOne.AutoLaunchBrowsers@74e52303]" started-at="2022-04-29T13:20:25 IST" name="Browser" finished-at="2022-04-29T13:20:40 IST" duration-ms="15091" status="PASS">
          <reporter-output>
          </reporter-output>
        </test-method> <!-- Browser -->
        <test-method signature="SecondBrowser()[pri:0, instance:com.packageOne.AutoLaunchBrowsers@74e52303]" started-at="2022-04-29T13:20:40 IST" name="SecondBrowser" finished-at="2022-04-29T13:20:54 IST" duration-ms="14069" status="PASS">
          <reporter-output>
          </reporter-output>
        </test-method> <!-- SecondBrowser -->
      </class> <!-- com.packageOne.AutoLaunchBrowsers -->
      <class name="com.packageOne.DemonewTest">
        <test-method signature="m4()[pri:0, instance:com.packageOne.DemonewTest@6aba2b86]" started-at="2022-04-29T13:20:25 IST" name="m4" finished-at="2022-04-29T13:20:25 IST" duration-ms="0" status="PASS">
          <reporter-output>
          </reporter-output>
        </test-method> <!-- m4 -->
        <test-method signature="m3()[pri:0, instance:com.packageOne.DemonewTest@6aba2b86]" started-at="2022-04-29T13:20:25 IST" name="m3" finished-at="2022-04-29T13:20:25 IST" duration-ms="0" status="PASS">
          <reporter-output>
          </reporter-output>
        </test-method> <!-- m3 -->
      </class> <!-- com.packageOne.DemonewTest -->
      <class name="com.package2.DemoTesting">
        <test-method signature="m1()[pri:0, instance:com.package2.DemoTesting@1a451d4d]" started-at="2022-04-29T13:20:25 IST" name="m1" finished-at="2022-04-29T13:20:25 IST" duration-ms="3" status="PASS">
          <reporter-output>
          </reporter-output>
        </test-method> <!-- m1 -->
        <test-method signature="m2()[pri:0, instance:com.package2.DemoTesting@1a451d4d]" started-at="2022-04-29T13:20:25 IST" name="m2" finished-at="2022-04-29T13:20:25 IST" duration-ms="0" status="PASS">
          <reporter-output>
          </reporter-output>
        </test-method> <!-- m2 -->
      </class> <!-- com.package2.DemoTesting -->
      <class name="com.package2.FirstTest">
        <test-method signature="m3()[pri:0, instance:com.package2.FirstTest@47af7f3d]" started-at="2022-04-29T13:20:54 IST" name="m3" finished-at="2022-04-29T13:20:54 IST" duration-ms="0" status="PASS">
          <reporter-output>
          </reporter-output>
        </test-method> <!-- m3 -->
        <test-method signature="m4()[pri:0, instance:com.package2.FirstTest@47af7f3d]" started-at="2022-04-29T13:20:54 IST" name="m4" finished-at="2022-04-29T13:20:54 IST" duration-ms="1" status="PASS">
          <reporter-output>
          </reporter-output>
        </test-method> <!-- m4 -->
      </class> <!-- com.package2.FirstTest -->
    </test> <!-- Test -->
  </suite> <!-- Suite -->
</testng-results>
