<?xml version="1.0" encoding="UTF-8"?>
<testsuite xmlns:xsi="http://www.w3.org/2001/XMLSchema-instance" xsi:noNamespaceSchemaLocation="https://maven.apache.org/surefire/maven-surefire-plugin/xsd/surefire-test-report-3.0.xsd" version="3.0" name="TestSuite" time="29.952" tests="9" errors="0" skipped="0" failures="0">
  <properties>
[...]
</properties>
  <testcase name="m1" classname="com.package2.DemoTesting" time="0.008">
    <system-out><![CDATA[Hello testng m1
]]></system-out>
    <system-err><![CDATA[log4j:WARN No appenders could be found for logger (org.testng.TestNG).
log4j:WARN Please initialize the log4j system properly.
log4j:WARN See http://logging.apache.org/log4j/1.2/faq.html#noconfig for more info.
]]></system-err>
  </testcase>
  <testcase name="m2" classname="com.package2.DemoTesting" time="0.004">
    <system-out><![CDATA[Hello testng m2
]]></system-out>
  </testcase>
  <testcase name="m3" classname="com.packageOne.DemonewTest" time="0.004">
    <system-out><![CDATA[Hello testng m3
]]></system-out>
  </testcase>
  <testcase name="m4" classname="com.packageOne.DemonewTest" time="0.004">
    <system-out><![CDATA[Hello testng m4
]]></system-out>
  </testcase>
  <testcase name="m1" classname="com.packageOne.TestNgDemo" time="0.004">
    <system-out><![CDATA[Hello testng
]]></system-out>
  </testcase>
  <testcase name="Browser" classname="com.packageOne.AutoLaunchBrowsers" time="15.075">
    <system-err><![CDATA[Starting MSEdgeDriver 100.0.1185.39 (5d3e4966b112fb8c2d3aa0aab64ba560cadfc2f2) on port 60705
Only local connections are allowed.
Please see https://chromedriver.chromium.org/security-considerations for suggestions on keeping MSEdgeDriver safe.
MSEdgeDriver was started successfully.
Apr 29, 2022 1:20:37 PM org.openqa.selenium.remote.ProtocolHandshake createSession
INFO: Detected dialect: W3C
Apr 29, 2022 1:20:37 PM org.openqa.selenium.devtools.CdpVersionFinder findNearestMatch
WARNING: Unable to find an exact match for CDP version 100, so returning the closest version found: 96
Apr 29, 2022 1:20:37 PM org.openqa.selenium.devtools.CdpVersionFinder findNearestMatch
INFO: Found CDP implementation for version 100 of 96
]]></system-err>
  </testcase>
  <testcase name="SecondBrowser" classname="com.packageOne.AutoLaunchBrowsers" time="14.069">
    <system-err><![CDATA[Starting ChromeDriver 100.0.4896.60 (6a5d10861ce8de5fce22564658033b43cb7de047-refs/branch-heads/4896@{#875}) on port 60210
Only local connections are allowed.
Please see https://chromedriver.chromium.org/security-considerations for suggestions on keeping ChromeDriver safe.
ChromeDriver was started successfully.
Apr 29, 2022 1:20:49 PM org.openqa.selenium.remote.ProtocolHandshake createSession
INFO: Detected dialect: W3C
Apr 29, 2022 1:20:49 PM org.openqa.selenium.devtools.CdpVersionFinder findNearestMatch
WARNING: Unable to find an exact match for CDP version 100, so returning the closest version found: 96
Apr 29, 2022 1:20:49 PM org.openqa.selenium.devtools.CdpVersionFinder findNearestMatch
INFO: Found CDP implementation for version 100 of 96
]]></system-err>
  </testcase>
  <testcase name="m3" classname="com.package2.FirstTest" time="0.01">
    <system-out><![CDATA[Hello testng m3
]]></system-out>
  </testcase>
  <testcase name="m4" classname="com.package2.FirstTest" time="0.003">
    <system-out><![CDATA[Hello testng m4
]]></system-out>
  </testcase>
</testsuite>