<?xml version="1.0" encoding="UTF-8"?>
<testng-results ignored="0" total="1" passed="1" failed="0" skipped="0">
  <reporter-output>
  </reporter-output>
  <suite started-at="2022-03-09T11:37:04 IST" name="Default suite" finished-at="2022-03-09T11:37:04 IST" duration-ms="38">
    <groups>
    </groups>
    <test started-at="2022-03-09T11:37:04 IST" name="Default test" finished-at="2022-03-09T11:37:04 IST" duration-ms="38">
      <class name="com.packageOne.TestNgDemo">
        <test-method signature="m1()[pri:0, instance:com.packageOne.TestNgDemo@581ac8a8]" started-at="2022-03-09T11:37:04 IST" name="m1" finished-at="2022-03-09T11:37:04 IST" duration-ms="7" status="PASS">
          <reporter-output>
          </reporter-output>
        </test-method> <!-- m1 -->
      </class> <!-- com.packageOne.TestNgDemo -->
    </test> <!-- Default test -->
  </suite> <!-- Default suite -->
</testng-results>
