<?xml version="1.0" encoding="UTF-8"?>
<!-- Generated by org.testng.reporters.JUnitReportReporter -->
<testsuite hostname="LP-5CD151GGFP" failures="0" tests="2" name="com.packageOne.DemonewTest" time="0.001" errors="0" timestamp="2022-04-24T14:03:18 IST" skipped="0">
  <testcase classname="com.packageOne.DemonewTest" name="m3" time="0.001"/>
  <system-out/>
  <testcase classname="com.packageOne.DemonewTest" name="m4" time="0.000"/>
  <system-out/>
</testsuite> <!-- com.packageOne.DemonewTest -->
